\BOOKMARK [0][-]{part.1}{\376\377\000I\000\040\000G\000e\000n\000e\000r\000a\000l\000\040\000I\000d\000e\000a\000s}{}% 1
\BOOKMARK [1][-]{section.1}{\376\377\000I\000n\000t\000r\000o\000d\000u\000c\000t\000i\000o\000n}{part.1}% 2
\BOOKMARK [2][-]{subsection.1.1}{\376\377\000T\000o\000p\000o\000l\000o\000g\000i\000e\000s}{section.1}% 3
\BOOKMARK [2][-]{subsection.1.2}{\376\377\000S\000w\000i\000t\000c\000h}{section.1}% 4
\BOOKMARK [1][-]{section.2}{\376\377\000A\000b\000s\000t\000r\000a\000c\000t\000i\000o\000n\000s\000,\000\040\000L\000a\000y\000e\000r\000i\000n\000g\000\040\000i\000n\000\040\000a\000\040\000n\000e\000t\000w\000o\000r\000k}{part.1}% 5
\BOOKMARK [2][-]{subsection.2.1}{\376\377\000I\000P\000\040\000a\000d\000d\000r\000e\000s\000s}{section.2}% 6
\BOOKMARK [2][-]{subsection.2.2}{\376\377\000M\000e\000s\000s\000a\000g\000e\000\040\000G\000r\000a\000n\000u\000l\000a\000r\000i\000t\000y\000,\000\040\000D\000e\000l\000a\000y\000s}{section.2}% 7
\BOOKMARK [2][-]{subsection.2.3}{\376\377\000L\000a\000y\000e\000r\000i\000n\000g\000\040\000a\000n\000d\000\040\000D\000e\000s\000i\000g\000n\000\040\000P\000r\000o\000t\000o\000c\000o\000l\000s}{section.2}% 8
\BOOKMARK [2][-]{subsection.2.4}{\376\377\000L\000a\000t\000e\000n\000c\000y\000\040\000M\000e\000t\000r\000i\000c\000s}{section.2}% 9
\BOOKMARK [2][-]{subsection.2.5}{\376\377\000H\000e\000a\000d\000e\000r\000s}{section.2}% 10
\BOOKMARK [1][-]{section.3}{\376\377\000Q\000u\000a\000l\000i\000t\000y\000\040\000o\000f\000\040\000s\000e\000r\000v\000i\000c\000e}{part.1}% 11
\BOOKMARK [0][-]{part.2}{\376\377\000I\000I\000\040\000P\000h\000y\000s\000i\000c\000a\000l\000\040\000L\000a\000y\000e\000r}{}% 12
\BOOKMARK [1][-]{section.1}{\376\377\000P\000h\000y\000s\000i\000c\000a\000l\000\040\000M\000e\000d\000i\000a}{part.2}% 13
\BOOKMARK [2][-]{subsection.1.1}{\376\377\000A\000t\000t\000e\000n\000u\000a\000t\000i\000o\000n}{section.1}% 14
\BOOKMARK [2][-]{subsection.1.2}{\376\377\000A\000b\000s\000o\000l\000u\000t\000e\000\040\000P\000o\000w\000e\000r\000\040\000i\000n\000\040\000d\000e\000c\000i\000b\000e\000l\000\040\000s\000c\000a\000l\000e}{section.1}% 15
\BOOKMARK [2][-]{subsection.1.3}{\376\377\000F\000r\000e\000q\000u\000e\000n\000c\000y\000\040\000v\000s\000\040\000a\000t\000t\000e\000n\000u\000a\000t\000i\000o\000n}{section.1}% 16
\BOOKMARK [2][-]{subsection.1.4}{\376\377\000A\000t\000t\000e\000n\000u\000a\000t\000i\000o\000n\000\040\000i\000n\000\040\000W\000i\000r\000e\000l\000e\000s\000s\000\040\000s\000i\000g\000n\000a\000l\000s}{section.1}% 17
\BOOKMARK [3][-]{subsubsection.1.4.1}{\376\377\000M\000I\000M\000O}{subsection.1.4}% 18
\BOOKMARK [1][-]{section.2}{\376\377\000S\000i\000g\000n\000a\000l\000l\000i\000n\000g}{part.2}% 19
\BOOKMARK [2][-]{subsection.2.1}{\376\377\000M\000a\000n\000c\000h\000e\000s\000t\000e\000r\000\040\000c\000o\000d\000i\000n\000g}{section.2}% 20
\BOOKMARK [2][-]{subsection.2.2}{\376\377\000D\000i\000f\000f\000e\000r\000e\000n\000t\000i\000a\000l\000\040\000M\000a\000n\000c\000h\000e\000s\000t\000e\000r\000\040\000C\000o\000d\000i\000n\000g}{section.2}% 21
\BOOKMARK [1][-]{section.3}{\376\377\000P\000h\000a\000s\000e\000\040\000M\000o\000d\000u\000l\000a\000t\000i\000o\000n\000\040\000i\000n\000\040\000w\000i\000r\000e\000l\000e\000s\000s\000\040\000c\000h\000a\000n\000n\000e\000l\000s}{part.2}% 22
\BOOKMARK [2][-]{subsection.3.1}{\376\377\000S\000i\000g\000n\000a\000l\000s\000\040\000a\000s\000\040\000v\000e\000c\000t\000o\000r\000\040\000s\000p\000a\000c\000e\000s}{section.3}% 23
\BOOKMARK [2][-]{subsection.3.2}{\376\377\000B\000P\000S\000K\000\040\000e\000n\000c\000o\000d\000i\000n\000g}{section.3}% 24
\BOOKMARK [2][-]{subsection.3.3}{\376\377\000Q\000P\000S\000K\000\040\000e\000n\000c\000o\000d\000i\000n\000g}{section.3}% 25
\BOOKMARK [0][-]{part.3}{\376\377\000I\000I\000I\000\040\000D\000a\000t\000a\000\040\000L\000i\000n\000k\000\040\000L\000a\000y\000e\000r}{}% 26
\BOOKMARK [1][-]{section.1}{\376\377\000I\000n\000t\000r\000o\000d\000u\000c\000t\000i\000o\000n}{part.3}% 27
\BOOKMARK [2][-]{subsection.1.1}{\376\377\000B\000i\000t\000\040\000s\000t\000u\000f\000f\000i\000n\000g}{section.1}% 28
\BOOKMARK [2][-]{subsection.1.2}{\376\377\000C\000y\000c\000l\000i\000c\000\040\000r\000e\000d\000u\000n\000d\000a\000n\000c\000y\000\040\000c\000h\000e\000c\000k}{section.1}% 29
\BOOKMARK [2][-]{subsection.1.3}{\376\377\000C\000o\000d\000i\000n\000g\000\040\000T\000h\000e\000o\000r\000y}{section.1}% 30
\BOOKMARK [3][-]{subsubsection.1.3.1}{\376\377\000H\000a\000m\000m\000i\000n\000g\000\040\000D\000i\000s\000t\000a\000n\000c\000e}{subsection.1.3}% 31
\BOOKMARK [3][-]{subsubsection.1.3.2}{\376\377\000E\000r\000r\000o\000r\000\040\000D\000e\000t\000e\000c\000t\000i\000o\000n\000:}{subsection.1.3}% 32
\BOOKMARK [3][-]{subsubsection.1.3.3}{\376\377\000E\000r\000r\000o\000r\000\040\000C\000o\000r\000r\000e\000c\000t\000i\000o\000n\000:}{subsection.1.3}% 33
\BOOKMARK [2][-]{subsection.1.4}{\376\377\000G\000a\000l\000o\000i\000s\000\040\000T\000h\000e\000o\000r\000y}{section.1}% 34
\BOOKMARK [1][-]{section.2}{\376\377\000P\000o\000l\000y\000n\000o\000m\000i\000a\000l\000\040\000A\000r\000i\000t\000h\000m\000e\000t\000i\000c}{part.3}% 35
\BOOKMARK [2][-]{subsection.2.1}{\376\377\000S\000o\000m\000e\000\040\000P\000o\000l\000y\000n\000o\000m\000i\000a\000l\000\040\000C\000R\000C\000'\000s}{section.2}% 36
\BOOKMARK [1][-]{section.3}{\376\377\000M\000e\000d\000i\000a\000\040\000A\000c\000c\000e\000s\000s\000\040\000C\000o\000n\000t\000r\000o\000l}{part.3}% 37
\BOOKMARK [2][-]{subsection.3.1}{\376\377\000I\000n\000t\000e\000r\000f\000e\000r\000e\000n\000c\000e}{section.3}% 38
